<?xml version="1.0" encoding="UTF-8"?>
<!-- Generated by org.testng.reporters.JUnitReportReporter -->
<testsuite hostname="LAPTOP-3G6PEO70" failures="0" tests="3" name="booking.tests.StaysTest" time="182.097" errors="0" timestamp="2025-01-15T14:56:24 EET" skipped="0">
  <testcase classname="booking.tests.StaysTest" name="testSavedToFavouriteItem" time="54.328"/>
  <system-out/>
  <testcase classname="booking.tests.StaysTest" name="testFilterWithVeryGood" time="57.637"/>
  <system-out/>
  <testcase classname="booking.tests.StaysTest" name="testReserveStayWithFreeCancelationAndLowCost" time="70.132"/>
  <system-out/>
</testsuite> <!-- booking.tests.StaysTest -->
